Determining if the pthread_create exist failed with the following output:
Change Dir: /home/up/swarm_ws/build/CMakeFiles/CMakeTmp

Run Build Command:"/usr/bin/make" "cmTC_246a7/fast"
/usr/bin/make -f CMakeFiles/cmTC_246a7.dir/build.make CMakeFiles/cmTC_246a7.dir/build
make[1]: Entering directory '/home/up/swarm_ws/build/CMakeFiles/CMakeTmp'
Building C object CMakeFiles/cmTC_246a7.dir/CheckSymbolExists.c.o
/usr/bin/cc    -o CMakeFiles/cmTC_246a7.dir/CheckSymbolExists.c.o   -c /home/up/swarm_ws/build/CMakeFiles/CMakeTmp/CheckSymbolExists.c
Linking C executable cmTC_246a7
/usr/bin/cmake -E cmake_link_script CMakeFiles/cmTC_246a7.dir/link.txt --verbose=1
/usr/bin/cc      -rdynamic CMakeFiles/cmTC_246a7.dir/CheckSymbolExists.c.o  -o cmTC_246a7 
CMakeFiles/cmTC_246a7.dir/CheckSymbolExists.c.o: In function `main':
CheckSymbolExists.c:(.text+0x1b): undefined reference to `pthread_create'
collect2: error: ld returned 1 exit status
CMakeFiles/cmTC_246a7.dir/build.make:97: recipe for target 'cmTC_246a7' failed
make[1]: *** [cmTC_246a7] Error 1
make[1]: Leaving directory '/home/up/swarm_ws/build/CMakeFiles/CMakeTmp'
Makefile:126: recipe for target 'cmTC_246a7/fast' failed
make: *** [cmTC_246a7/fast] Error 2

File /home/up/swarm_ws/build/CMakeFiles/CMakeTmp/CheckSymbolExists.c:
/* */
#include <pthread.h>

int main(int argc, char** argv)
{
  (void)argv;
#ifndef pthread_create
  return ((int*)(&pthread_create))[argc];
#else
  (void)argc;
  return 0;
#endif
}

Determining if the function pthread_create exists in the pthreads failed with the following output:
Change Dir: /home/up/swarm_ws/build/CMakeFiles/CMakeTmp

Run Build Command:"/usr/bin/make" "cmTC_40b5e/fast"
/usr/bin/make -f CMakeFiles/cmTC_40b5e.dir/build.make CMakeFiles/cmTC_40b5e.dir/build
make[1]: Entering directory '/home/up/swarm_ws/build/CMakeFiles/CMakeTmp'
Building C object CMakeFiles/cmTC_40b5e.dir/CheckFunctionExists.c.o
/usr/bin/cc   -DCHECK_FUNCTION_EXISTS=pthread_create   -o CMakeFiles/cmTC_40b5e.dir/CheckFunctionExists.c.o   -c /usr/share/cmake-3.10/Modules/CheckFunctionExists.c
Linking C executable cmTC_40b5e
/usr/bin/cmake -E cmake_link_script CMakeFiles/cmTC_40b5e.dir/link.txt --verbose=1
/usr/bin/cc  -DCHECK_FUNCTION_EXISTS=pthread_create    -rdynamic CMakeFiles/cmTC_40b5e.dir/CheckFunctionExists.c.o  -o cmTC_40b5e -lpthreads 
/usr/bin/ld: cannot find -lpthreads
collect2: error: ld returned 1 exit status
CMakeFiles/cmTC_40b5e.dir/build.make:97: recipe for target 'cmTC_40b5e' failed
make[1]: *** [cmTC_40b5e] Error 1
make[1]: Leaving directory '/home/up/swarm_ws/build/CMakeFiles/CMakeTmp'
Makefile:126: recipe for target 'cmTC_40b5e/fast' failed
make: *** [cmTC_40b5e/fast] Error 2


